<?xml version="1.0" encoding="UTF-8"?>
<!-- Generated by org.testng.reporters.JUnitXMLReporter -->
<testsuite ignored="0" hostname="ASAK" failures="0" tests="4" name="Calculator Test" time="38.424" errors="0" timestamp="2024-11-16T18:05:52 GST">
  <testcase classname="Tests.verifyMathematicalOperations" name="testAddition" time="9.99"/>
  <testcase classname="Tests.verifyMathematicalOperations" name="testDivision" time="7.54"/>
  <testcase classname="Tests.verifyMathematicalOperations" name="testMultiply" time="8.612"/>
  <testcase classname="Tests.verifyMathematicalOperations" name="testSubtraction" time="7.432"/>
</testsuite> <!-- Calculator Test -->
